InnoDB: using atomic writes.
2021-01-28 21:11:37 0 [Note] InnoDB: Mutexes and rw_locks use Windows interlocked functions
2021-01-28 21:11:37 0 [Note] InnoDB: Uses event mutexes
2021-01-28 21:11:37 0 [Note] InnoDB: Compressed tables use zlib 1.2.11
2021-01-28 21:11:37 0 [Note] InnoDB: Number of pools: 1
2021-01-28 21:11:37 0 [Note] InnoDB: Using SSE2 crc32 instructions
2021-01-28 21:11:37 0 [Note] InnoDB: Initializing buffer pool, total size = 16M, instances = 1, chunk size = 16M
2021-01-28 21:11:37 0 [Note] InnoDB: Completed initialization of buffer pool
2021-01-28 21:11:38 0 [Note] InnoDB: Starting crash recovery from checkpoint LSN=300288
2021-01-28 21:11:40 0 [Note] InnoDB: 128 out of 128 rollback segments are active.
2021-01-28 21:11:41 0 [Note] InnoDB: Removed temporary tablespace data file: "ibtmp1"
2021-01-28 21:11:41 0 [Note] InnoDB: Creating shared tablespace for temporary tables
2021-01-28 21:11:41 0 [Note] InnoDB: Setting file 'C:\xampp\mysql\data\ibtmp1' size to 12 MB. Physically writing the file full; Please wait ...
2021-01-28 21:11:41 0 [Note] InnoDB: File 'C:\xampp\mysql\data\ibtmp1' size is now 12 MB.
2021-01-28 21:11:41 0 [Note] InnoDB: Waiting for purge to start
2021-01-28 21:11:41 0 [Note] InnoDB: 10.4.17 started; log sequence number 300297; transaction id 170
2021-01-28 21:11:41 0 [Note] InnoDB: Loading buffer pool(s) from C:\xampp\mysql\data\ib_buffer_pool
2021-01-28 21:11:41 0 [Note] Plugin 'FEEDBACK' is disabled.
2021-01-28 21:11:41 0 [Note] Server socket created on IP: '::'.
2021-01-28 21:11:41 0 [Note] InnoDB: Buffer pool(s) load completed at 210128 21:11:41
InnoDB: using atomic writes.
2021-01-30 22:04:54 0 [Note] InnoDB: Mutexes and rw_locks use Windows interlocked functions
2021-01-30 22:04:54 0 [Note] InnoDB: Uses event mutexes
2021-01-30 22:04:54 0 [Note] InnoDB: Compressed tables use zlib 1.2.11
2021-01-30 22:04:54 0 [Note] InnoDB: Number of pools: 1
2021-01-30 22:04:54 0 [Note] InnoDB: Using SSE2 crc32 instructions
2021-01-30 22:04:54 0 [Note] InnoDB: Initializing buffer pool, total size = 16M, instances = 1, chunk size = 16M
2021-01-30 22:04:54 0 [Note] InnoDB: Completed initialization of buffer pool
2021-01-30 22:04:55 0 [Note] InnoDB: Starting crash recovery from checkpoint LSN=308080
2021-01-30 22:04:57 0 [Note] InnoDB: 128 out of 128 rollback segments are active.
2021-01-30 22:04:58 0 [Note] InnoDB: Removed temporary tablespace data file: "ibtmp1"
2021-01-30 22:04:58 0 [Note] InnoDB: Creating shared tablespace for temporary tables
2021-01-30 22:04:58 0 [Note] InnoDB: Setting file 'C:\xampp\mysql\data\ibtmp1' size to 12 MB. Physically writing the file full; Please wait ...
2021-01-30 22:04:58 0 [Note] InnoDB: File 'C:\xampp\mysql\data\ibtmp1' size is now 12 MB.
2021-01-30 22:04:58 0 [Note] InnoDB: Waiting for purge to start
2021-01-30 22:04:58 0 [Note] InnoDB: 10.4.17 started; log sequence number 308089; transaction id 204
2021-01-30 22:04:58 0 [Note] InnoDB: Loading buffer pool(s) from C:\xampp\mysql\data\ib_buffer_pool
2021-01-30 22:04:58 0 [Note] Plugin 'FEEDBACK' is disabled.
2021-01-30 22:04:58 0 [Note] InnoDB: Buffer pool(s) load completed at 210130 22:04:58
2021-01-30 22:04:58 0 [Note] Server socket created on IP: '::'.
InnoDB: using atomic writes.
2021-01-30 23:14:39 0 [Note] InnoDB: Mutexes and rw_locks use Windows interlocked functions
2021-01-30 23:14:39 0 [Note] InnoDB: Uses event mutexes
2021-01-30 23:14:39 0 [Note] InnoDB: Compressed tables use zlib 1.2.11
2021-01-30 23:14:39 0 [Note] InnoDB: Number of pools: 1
2021-01-30 23:14:39 0 [Note] InnoDB: Using SSE2 crc32 instructions
2021-01-30 23:14:39 0 [Note] InnoDB: Initializing buffer pool, total size = 16M, instances = 1, chunk size = 16M
2021-01-30 23:14:39 0 [Note] InnoDB: Completed initialization of buffer pool
2021-01-30 23:14:39 0 [Note] InnoDB: Starting crash recovery from checkpoint LSN=308098
2021-01-30 23:14:39 0 [Note] InnoDB: 128 out of 128 rollback segments are active.
2021-01-30 23:14:39 0 [Note] InnoDB: Removed temporary tablespace data file: "ibtmp1"
2021-01-30 23:14:39 0 [Note] InnoDB: Creating shared tablespace for temporary tables
2021-01-30 23:14:39 0 [Note] InnoDB: Setting file 'C:\xampp\mysql\data\ibtmp1' size to 12 MB. Physically writing the file full; Please wait ...
2021-01-30 23:14:39 0 [Note] InnoDB: File 'C:\xampp\mysql\data\ibtmp1' size is now 12 MB.
2021-01-30 23:14:39 0 [Note] InnoDB: Waiting for purge to start
2021-01-30 23:14:39 0 [Note] InnoDB: 10.4.17 started; log sequence number 308107; transaction id 204
2021-01-30 23:14:39 0 [Note] InnoDB: Loading buffer pool(s) from C:\xampp\mysql\data\ib_buffer_pool
2021-01-30 23:14:39 0 [Note] Plugin 'FEEDBACK' is disabled.
2021-01-30 23:14:39 0 [Note] Server socket created on IP: '::'.
2021-01-30 23:14:39 0 [Note] InnoDB: Buffer pool(s) load completed at 210130 23:14:39
